Added whitelist pattern: *.*.ap.spotify.com
Added whitelist pattern: *ap.spotify.com
Added whitelist pattern: ap-*.spotify.com
Added whitelist pattern: localhost
Added whitelist pattern: audio-sp-*.pscdn.co
Added whitelist pattern: audio-fa.scdn.co
Added whitelist pattern: audio4-fa.scdn.co
Added whitelist pattern: charts-images.scdn.co
Added whitelist pattern: daily-mix.scdn.co
Added whitelist pattern: dailymix-images.scdn.co
Added whitelist pattern: heads-fa.scdn.co
Added whitelist pattern: i.scdn.co
Added whitelist pattern: lineup-images.scdn.co
Added whitelist pattern: merch-img.scdn.co
Added whitelist pattern: misc.scdn.co
Added whitelist pattern: mosaic.scdn.co
Added whitelist pattern: newjams-images.scdn.co
Added whitelist pattern: o.scdn.co
Added whitelist pattern: pl.scdn.co
Added whitelist pattern: profile-images.scdn.co
Added whitelist pattern: seeded-session-images.scdn.co
Added whitelist pattern: t.scdn.co
Added whitelist pattern: thisis-images.scdn.co
Added whitelist pattern: video-fa.scdn.co
Added whitelist pattern: content.production.cdn.art19.com
Added whitelist pattern: rss.art19.com
Added whitelist pattern: *.buzzsprout.com
Added whitelist pattern: platform-lookaside.fbsbx.com
Added whitelist pattern: genius.com
Added whitelist pattern: *.gvt1.com
Added whitelist pattern: hwcdn.libsyn.com
Added whitelist pattern: traffic.libsyn.com
Added whitelist pattern: api*-desktop.musixmatch.com
Added whitelist pattern: *.podbean.com
Added whitelist pattern: dts.podtrac.com
Added whitelist pattern: www.podtrac.com
Added whitelist pattern: audio.simplecast.com
Added whitelist pattern: media.simplecast.com
Added whitelist pattern: ap.spotify.com
Added whitelist pattern: *.ap.spotify.com
Added whitelist pattern: api.spotify.com
Added whitelist pattern: api-partner.spotify.com
Added whitelist pattern: xpui.app.spotify.com
Added whitelist pattern: apresolve.spotify.com
Added whitelist pattern: clienttoken.spotify.com
Added whitelist pattern: *dealer.spotify.com
Added whitelist pattern: image-upload*.spotify.com
Added whitelist pattern: login*.spotify.com
Added whitelist pattern: *-spclient.spotify.com
Added whitelist pattern: spclient.wg.spotify.com
Added whitelist pattern: audio-fa.spotifycdn.com
Added whitelist pattern: seed-mix-image.spotifycdn.com
Added whitelist pattern: download.ted.com
Added whitelist pattern: dcs*.megaphone.fm
Added whitelist pattern: traffic.megaphone.fm
Added whitelist pattern: audio-ak-spotify-com.akamaized.net
Added whitelist pattern: audio4-ak-spotify-com.akamaized.net
Added whitelist pattern: heads4-ak-spotify-com.akamaized.net
Added whitelist pattern: audio4-ak.spotify.com.edgesuite.net
Added whitelist pattern: scontent*.fbcdn.net
Added whitelist pattern: audio-sp-*.spotifycdn.net
Added whitelist pattern: dovetail.prxu.org
Added whitelist pattern: dovetail-cdn.prxu.org
Added whitelist pattern: login5.spotify.com
Added whitelist pattern: spclient.wg.spotify.com
Added whitelist pattern: open.spotify.com
Added whitelist pattern: api-partner.spotify.com
Added whitelist pattern: partners.wg.spotify.com
Added whitelist pattern: api.spotify.com
Added whitelist pattern: audio4-fa.scdn.co
Added whitelist pattern: seektables.scdn.co
Added whitelist pattern: cast.scdn.co
Added whitelist pattern: gcdn.2mdn.net
Added whitelist pattern: r9---sn-n4v7kn76.c.2mdn.net
Added whitelist pattern: gew1-accesspoint-b-zzfg.ap.spotify.com
Added whitelist pattern: ns1.p23.dynect.net
Added whitelist pattern: ns3.p23.dynect.net
Added whitelist pattern: ns4.p23.dynect.net
Added whitelist pattern: dns1.p07.nsone.net
Added whitelist pattern: dns2.p07.nsone.net
Added whitelist pattern: dns3.p07.nsone.net
Added whitelist pattern: dns4.p07.nsone.net
Added whitelist pattern: audio-sp-fra2.pscdn.co
Added whitelist pattern: 104.199.65.11
Added whitelist pattern: apresolve.spotify.com
Added whitelist pattern: api-spotify.com
Added whitelist pattern: api-partner.spotify.com
Added whitelist pattern: api-tv.spotify.com
Added whitelist pattern: ash-dealer.spotify.com
Added whitelist pattern: ash.weblb-wg.dual-gslb.spotify.com
Added whitelist pattern: audio-sp.spotify.com
Added whitelist pattern: audio-fa.spotify.com
Added whitelist pattern: dealer.spotify.com
Added whitelist pattern: dealer-ssl.spotify.com
Added whitelist pattern: gslb.spotify.com
Added whitelist pattern: open.scdn.co
Added whitelist pattern: open.spotify.com
Added whitelist pattern: play.spotify.com
Added whitelist pattern: spclient.spotify.com
Added whitelist pattern: sto3.spotify.com
Added whitelist pattern: wg.spotify.com
Added whitelist pattern: geo3.ggpht.com
Added whitelist pattern: googlehosted.l.googleusercontent.com
Added whitelist pattern: redirector.gvt1.com
Added whitelist pattern: tv.scdn.co
Added whitelist pattern: i.scdn.co
Added whitelist pattern: o.scdn.co
Added whitelist pattern: p.scdn.co
Added whitelist pattern: t.scdn.co
Warning: Could not resolve domain spotxchange.com : gaierror
